------------------------------------------------------------------------
giovedì 20 aprile 2017 - 12.24.09
DTT_LEVEL=5
DTT_MSGLEVEL=3
------------------------------------------------------------------------
giovedì 20 aprile 2017 - 12.24.13
------------------------------------------------------------------------
giovedì 20 aprile 2017 - 12.24.14
------------------------------------------------------------------------
giovedì 20 aprile 2017 - 12.24.17
------------------------------------------------------------------------
giovedì 20 aprile 2017 - 12.24.23
------------------------------------------------------------------------
giovedì 20 aprile 2017 - 12.24.24
------------------------------------------------------------------------
giovedì 20 aprile 2017 - 12.24.26
Non è stato possibile caricare il file o l'assembly 'Newtonsoft.Json, Version=7.0.0.0, Culture=neutral, PublicKeyToken=30ad4fe6b2a6aeed' o una delle relative dipendenze. La definizione di manifesto dell'assembly specificato non corrisponde al riferimento all'assembly. (Eccezione da HRESULT: 0x80131040)
   in MyWebEntryPoint.SendAPNSPushNotification()
   in Configurazione.BottoneInviaNotifiche() in c:\Work2\Notificatore\output\csharp\App_Code\Configurazione.cs:riga 493
------------------------------------------------------------------------
giovedì 20 aprile 2017 - 12.29.41
DTT_LEVEL=5
DTT_MSGLEVEL=3
------------------------------------------------------------------------
giovedì 20 aprile 2017 - 12.30.04
------------------------------------------------------------------------
giovedì 20 aprile 2017 - 12.30.05
------------------------------------------------------------------------
giovedì 20 aprile 2017 - 12.30.07
------------------------------------------------------------------------
giovedì 20 aprile 2017 - 12.30.13
------------------------------------------------------------------------
giovedì 20 aprile 2017 - 12.30.14
------------------------------------------------------------------------
giovedì 20 aprile 2017 - 12.30.15
------------------------------------------------------------------------
giovedì 20 aprile 2017 - 12.30.24
------------------------------------------------------------------------
giovedì 20 aprile 2017 - 12.30.24
------------------------------------------------------------------------
giovedì 20 aprile 2017 - 12.30.25
------------------------------------------------------------------------
giovedì 20 aprile 2017 - 12.30.29
------------------------------------------------------------------------
giovedì 20 aprile 2017 - 12.30.29
------------------------------------------------------------------------
giovedì 20 aprile 2017 - 12.30.30
------------------------------------------------------------------------
giovedì 20 aprile 2017 - 12.30.34
------------------------------------------------------------------------
giovedì 20 aprile 2017 - 12.30.36
------------------------------------------------------------------------
giovedì 20 aprile 2017 - 12.30.40
------------------------------------------------------------------------
giovedì 20 aprile 2017 - 12.30.40
------------------------------------------------------------------------
giovedì 20 aprile 2017 - 12.30.41
------------------------------------------------------------------------
giovedì 20 aprile 2017 - 12.30.41
------------------------------------------------------------------------
giovedì 20 aprile 2017 - 12.30.41
------------------------------------------------------------------------
giovedì 20 aprile 2017 - 12.30.42
------------------------------------------------------------------------
giovedì 20 aprile 2017 - 12.30.42
------------------------------------------------------------------------
giovedì 20 aprile 2017 - 12.32.55
DTT_LEVEL=5
DTT_MSGLEVEL=3
DTT_LEVEL=5
DTT_MSGLEVEL=3
DTT_LEVEL=5
DTT_MSGLEVEL=3
DTT_LEVEL=5
DTT_MSGLEVEL=3
DTT_LEVEL=5
DTT_MSGLEVEL=3
DTT_LEVEL=5
DTT_MSGLEVEL=3
DTT_LEVEL=5
DTT_MSGLEVEL=3
DTT_LEVEL=5
DTT_MSGLEVEL=3
DTT_LEVEL=5
DTT_MSGLEVEL=3
DTT_LEVEL=5
DTT_MSGLEVEL=3
DTT_LEVEL=5
DTT_MSGLEVEL=3
------------------------------------------------------------------------
giovedì 20 aprile 2017 - 12.33.05
------------------------------------------------------------------------
giovedì 20 aprile 2017 - 12.33.05
------------------------------------------------------------------------
giovedì 20 aprile 2017 - 12.33.06
------------------------------------------------------------------------
giovedì 20 aprile 2017 - 12.33.06
------------------------------------------------------------------------
giovedì 20 aprile 2017 - 12.33.06
------------------------------------------------------------------------
giovedì 20 aprile 2017 - 12.33.07
------------------------------------------------------------------------
giovedì 20 aprile 2017 - 12.33.07
------------------------------------------------------------------------
giovedì 20 aprile 2017 - 12.33.28
------------------------------------------------------------------------
giovedì 20 aprile 2017 - 12.33.30
------------------------------------------------------------------------
giovedì 20 aprile 2017 - 12.33.34
------------------------------------------------------------------------
giovedì 20 aprile 2017 - 12.33.39
------------------------------------------------------------------------
giovedì 20 aprile 2017 - 12.33.41
------------------------------------------------------------------------
giovedì 20 aprile 2017 - 12.33.45
------------------------------------------------------------------------
giovedì 20 aprile 2017 - 12.33.49
------------------------------------------------------------------------
giovedì 20 aprile 2017 - 12.33.54
------------------------------------------------------------------------
giovedì 20 aprile 2017 - 12.33.57
------------------------------------------------------------------------
giovedì 20 aprile 2017 - 12.34.00
------------------------------------------------------------------------
giovedì 20 aprile 2017 - 12.34.03
------------------------------------------------------------------------
giovedì 20 aprile 2017 - 12.34.04
------------------------------------------------------------------------
giovedì 20 aprile 2017 - 12.34.07
------------------------------------------------------------------------
giovedì 20 aprile 2017 - 12.34.11
------------------------------------------------------------------------
giovedì 20 aprile 2017 - 12.34.11
------------------------------------------------------------------------
giovedì 20 aprile 2017 - 12.34.13
------------------------------------------------------------------------
giovedì 20 aprile 2017 - 12.34.17
------------------------------------------------------------------------
giovedì 20 aprile 2017 - 12.34.17
------------------------------------------------------------------------
giovedì 20 aprile 2017 - 12.34.17
------------------------------------------------------------------------
giovedì 20 aprile 2017 - 12.34.18
------------------------------------------------------------------------
giovedì 20 aprile 2017 - 12.34.18
------------------------------------------------------------------------
giovedì 20 aprile 2017 - 12.34.19
------------------------------------------------------------------------
giovedì 20 aprile 2017 - 12.34.19
------------------------------------------------------------------------
giovedì 20 aprile 2017 - 12.34.54
------------------------------------------------------------------------
giovedì 20 aprile 2017 - 12.34.55
------------------------------------------------------------------------
giovedì 20 aprile 2017 - 12.35.00
------------------------------------------------------------------------
giovedì 20 aprile 2017 - 12.35.04
------------------------------------------------------------------------
giovedì 20 aprile 2017 - 12.35.05
------------------------------------------------------------------------
giovedì 20 aprile 2017 - 12.35.07
------------------------------------------------------------------------
giovedì 20 aprile 2017 - 12.35.07
------------------------------------------------------------------------
giovedì 20 aprile 2017 - 12.35.07
------------------------------------------------------------------------
giovedì 20 aprile 2017 - 12.35.08
------------------------------------------------------------------------
giovedì 20 aprile 2017 - 12.35.08
------------------------------------------------------------------------
giovedì 20 aprile 2017 - 12.35.08
------------------------------------------------------------------------
giovedì 20 aprile 2017 - 12.35.08
------------------------------------------------------------------------
giovedì 20 aprile 2017 - 12.35.08
------------------------------------------------------------------------
giovedì 20 aprile 2017 - 12.35.09
------------------------------------------------------------------------
giovedì 20 aprile 2017 - 12.35.09
------------------------------------------------------------------------
giovedì 20 aprile 2017 - 12.35.10
------------------------------------------------------------------------
giovedì 20 aprile 2017 - 12.35.10
------------------------------------------------------------------------
giovedì 20 aprile 2017 - 12.35.10
------------------------------------------------------------------------
giovedì 20 aprile 2017 - 12.35.11
Request number 43is arrived after request number 45 : Skipping request
------------------------------------------------------------------------
giovedì 20 aprile 2017 - 12.35.17
------------------------------------------------------------------------
giovedì 20 aprile 2017 - 12.35.44
------------------------------------------------------------------------
giovedì 20 aprile 2017 - 12.35.47
------------------------------------------------------------------------
giovedì 20 aprile 2017 - 12.35.48
------------------------------------------------------------------------
giovedì 20 aprile 2017 - 12.35.50
------------------------------------------------------------------------
giovedì 20 aprile 2017 - 12.35.53
------------------------------------------------------------------------
giovedì 20 aprile 2017 - 12.36.00
------------------------------------------------------------------------
giovedì 20 aprile 2017 - 12.36.02
DTT_LEVEL=5
DTT_MSGLEVEL=3
DTT_LEVEL=5
DTT_MSGLEVEL=3
DTT_LEVEL=5
DTT_MSGLEVEL=3
DTT_LEVEL=5
DTT_MSGLEVEL=3
DTT_LEVEL=5
DTT_MSGLEVEL=3
DTT_LEVEL=5
DTT_MSGLEVEL=3
DTT_LEVEL=5
DTT_MSGLEVEL=3
DTT_LEVEL=5
DTT_MSGLEVEL=3
DTT_LEVEL=5
DTT_MSGLEVEL=3
DTT_LEVEL=5
DTT_MSGLEVEL=3
DTT_LEVEL=5
DTT_MSGLEVEL=3
DTT_LEVEL=5
DTT_MSGLEVEL=3
DTT_LEVEL=5
DTT_MSGLEVEL=3
DTT_LEVEL=5
DTT_MSGLEVEL=3
DTT_LEVEL=5
DTT_MSGLEVEL=3
DTT_LEVEL=5
DTT_MSGLEVEL=3
DTT_LEVEL=5
DTT_MSGLEVEL=3
DTT_LEVEL=5
DTT_MSGLEVEL=3
DTT_LEVEL=5
DTT_MSGLEVEL=3
DTT_LEVEL=5
DTT_MSGLEVEL=3
DTT_LEVEL=5
DTT_MSGLEVEL=3
DTT_LEVEL=5
DTT_MSGLEVEL=3
DTT_LEVEL=5
DTT_MSGLEVEL=3
DTT_LEVEL=5
DTT_MSGLEVEL=3
DTT_LEVEL=5
DTT_MSGLEVEL=3
DTT_LEVEL=5
DTT_MSGLEVEL=3
DTT_LEVEL=5
DTT_MSGLEVEL=3
DTT_LEVEL=5
DTT_MSGLEVEL=3
DTT_LEVEL=5
DTT_MSGLEVEL=3
DTT_LEVEL=5
DTT_MSGLEVEL=3
DTT_LEVEL=5
DTT_MSGLEVEL=3
DTT_LEVEL=5
DTT_MSGLEVEL=3
DTT_LEVEL=5
DTT_MSGLEVEL=3
DTT_LEVEL=5
DTT_MSGLEVEL=3
DTT_LEVEL=5
DTT_MSGLEVEL=3
DTT_LEVEL=5
DTT_MSGLEVEL=3
DTT_LEVEL=5
DTT_MSGLEVEL=3
DTT_LEVEL=5
DTT_MSGLEVEL=3
DTT_LEVEL=5
DTT_MSGLEVEL=3
DTT_LEVEL=5
DTT_MSGLEVEL=3
DTT_LEVEL=5
DTT_MSGLEVEL=3
DTT_LEVEL=5
DTT_MSGLEVEL=3
DTT_LEVEL=5
DTT_MSGLEVEL=3
DTT_LEVEL=5
DTT_MSGLEVEL=3
DTT_LEVEL=5
DTT_MSGLEVEL=3
DTT_LEVEL=5
DTT_MSGLEVEL=3
DTT_LEVEL=5
DTT_MSGLEVEL=3
DTT_LEVEL=5
DTT_MSGLEVEL=3
DTT_LEVEL=5
DTT_MSGLEVEL=3
DTT_LEVEL=5
DTT_MSGLEVEL=3
DTT_LEVEL=5
DTT_MSGLEVEL=3
DTT_LEVEL=5
DTT_MSGLEVEL=3
DTT_LEVEL=5
DTT_MSGLEVEL=3
DTT_LEVEL=5
DTT_MSGLEVEL=3
DTT_LEVEL=5
DTT_MSGLEVEL=3
DTT_LEVEL=5
DTT_MSGLEVEL=3
DTT_LEVEL=5
DTT_MSGLEVEL=3
DTT_LEVEL=5
DTT_MSGLEVEL=3
DTT_LEVEL=5
DTT_MSGLEVEL=3
DTT_LEVEL=5
DTT_MSGLEVEL=3
DTT_LEVEL=5
DTT_MSGLEVEL=3
DTT_LEVEL=5
DTT_MSGLEVEL=3
DTT_LEVEL=5
DTT_MSGLEVEL=3
DTT_LEVEL=5
DTT_MSGLEVEL=3
DTT_LEVEL=5
DTT_MSGLEVEL=3
DTT_LEVEL=5
DTT_MSGLEVEL=3
DTT_LEVEL=5
DTT_MSGLEVEL=3
DTT_LEVEL=5
DTT_MSGLEVEL=3
DTT_LEVEL=5
DTT_MSGLEVEL=3
DTT_LEVEL=5
DTT_MSGLEVEL=3
DTT_LEVEL=5
DTT_MSGLEVEL=3
DTT_LEVEL=5
DTT_MSGLEVEL=3
DTT_LEVEL=5
DTT_MSGLEVEL=3
DTT_LEVEL=5
DTT_MSGLEVEL=3
DTT_LEVEL=5
DTT_MSGLEVEL=3
DTT_LEVEL=5
DTT_MSGLEVEL=3
DTT_LEVEL=5
DTT_MSGLEVEL=3
DTT_LEVEL=5
DTT_MSGLEVEL=3
DTT_LEVEL=5
DTT_MSGLEVEL=3
DTT_LEVEL=5
DTT_MSGLEVEL=3
DTT_LEVEL=5
DTT_MSGLEVEL=3
DTT_LEVEL=5
DTT_MSGLEVEL=3
DTT_LEVEL=5
DTT_MSGLEVEL=3
DTT_LEVEL=5
DTT_MSGLEVEL=3
DTT_LEVEL=5
DTT_MSGLEVEL=3
DTT_LEVEL=5
DTT_MSGLEVEL=3
DTT_LEVEL=5
DTT_MSGLEVEL=3
DTT_LEVEL=5
DTT_MSGLEVEL=3
DTT_LEVEL=5
DTT_MSGLEVEL=3
DTT_LEVEL=5
DTT_MSGLEVEL=3
DTT_LEVEL=5
DTT_MSGLEVEL=3
DTT_LEVEL=5
DTT_MSGLEVEL=3
DTT_LEVEL=5
DTT_MSGLEVEL=3
DTT_LEVEL=5
DTT_MSGLEVEL=3
DTT_LEVEL=5
DTT_MSGLEVEL=3
DTT_LEVEL=5
DTT_MSGLEVEL=3
DTT_LEVEL=5
DTT_MSGLEVEL=3
DTT_LEVEL=5
DTT_MSGLEVEL=3
DTT_LEVEL=5
DTT_MSGLEVEL=3
DTT_LEVEL=5
DTT_MSGLEVEL=3
DTT_LEVEL=5
DTT_MSGLEVEL=3
DTT_LEVEL=5
DTT_MSGLEVEL=3
DTT_LEVEL=5
DTT_MSGLEVEL=3
DTT_LEVEL=5
DTT_MSGLEVEL=3
DTT_LEVEL=5
DTT_MSGLEVEL=3
DTT_LEVEL=5
DTT_MSGLEVEL=3
DTT_LEVEL=5
DTT_MSGLEVEL=3
DTT_LEVEL=5
DTT_MSGLEVEL=3
DTT_LEVEL=5
DTT_MSGLEVEL=3
DTT_LEVEL=5
DTT_MSGLEVEL=3
DTT_LEVEL=5
DTT_MSGLEVEL=3
DTT_LEVEL=5
DTT_MSGLEVEL=3
DTT_LEVEL=5
DTT_MSGLEVEL=3
DTT_LEVEL=5
DTT_MSGLEVEL=3
DTT_LEVEL=5
DTT_MSGLEVEL=3
DTT_LEVEL=5
DTT_MSGLEVEL=3
DTT_LEVEL=5
DTT_MSGLEVEL=3
DTT_LEVEL=5
DTT_MSGLEVEL=3
DTT_LEVEL=5
DTT_MSGLEVEL=3
DTT_LEVEL=5
DTT_MSGLEVEL=3
DTT_LEVEL=5
DTT_MSGLEVEL=3
DTT_LEVEL=5
DTT_MSGLEVEL=3
DTT_LEVEL=5
DTT_MSGLEVEL=3
DTT_LEVEL=5
DTT_MSGLEVEL=3
DTT_LEVEL=5
DTT_MSGLEVEL=3
DTT_LEVEL=5
DTT_MSGLEVEL=3
DTT_LEVEL=5
DTT_MSGLEVEL=3
DTT_LEVEL=5
DTT_MSGLEVEL=3
DTT_LEVEL=5
DTT_MSGLEVEL=3
DTT_LEVEL=5
DTT_MSGLEVEL=3
DTT_LEVEL=5
DTT_MSGLEVEL=3
DTT_LEVEL=5
DTT_MSGLEVEL=3
DTT_LEVEL=5
DTT_MSGLEVEL=3
DTT_LEVEL=5
DTT_MSGLEVEL=3
DTT_LEVEL=5
DTT_MSGLEVEL=3
DTT_LEVEL=5
DTT_MSGLEVEL=3
DTT_LEVEL=5
DTT_MSGLEVEL=3
DTT_LEVEL=5
DTT_MSGLEVEL=3
DTT_LEVEL=5
DTT_MSGLEVEL=3
DTT_LEVEL=5
DTT_MSGLEVEL=3
DTT_LEVEL=5
DTT_MSGLEVEL=3
DTT_LEVEL=5
DTT_MSGLEVEL=3
DTT_LEVEL=5
DTT_MSGLEVEL=3
DTT_LEVEL=5
DTT_MSGLEVEL=3
DTT_LEVEL=5
DTT_MSGLEVEL=3
DTT_LEVEL=5
DTT_MSGLEVEL=3
DTT_LEVEL=5
DTT_MSGLEVEL=3
DTT_LEVEL=5
DTT_MSGLEVEL=3
DTT_LEVEL=5
DTT_MSGLEVEL=3
DTT_LEVEL=5
DTT_MSGLEVEL=3
DTT_LEVEL=5
DTT_MSGLEVEL=3
DTT_LEVEL=5
DTT_MSGLEVEL=3
DTT_LEVEL=5
DTT_MSGLEVEL=3
DTT_LEVEL=5
DTT_MSGLEVEL=3
DTT_LEVEL=5
DTT_MSGLEVEL=3
DTT_LEVEL=5
DTT_MSGLEVEL=3
DTT_LEVEL=5
DTT_MSGLEVEL=3
DTT_LEVEL=5
DTT_MSGLEVEL=3
DTT_LEVEL=5
DTT_MSGLEVEL=3
DTT_LEVEL=5
DTT_MSGLEVEL=3
DTT_LEVEL=5
DTT_MSGLEVEL=3
DTT_LEVEL=5
DTT_MSGLEVEL=3
DTT_LEVEL=5
DTT_MSGLEVEL=3
DTT_LEVEL=5
DTT_MSGLEVEL=3
DTT_LEVEL=5
DTT_MSGLEVEL=3
DTT_LEVEL=5
DTT_MSGLEVEL=3
DTT_LEVEL=5
DTT_MSGLEVEL=3
DTT_LEVEL=5
DTT_MSGLEVEL=3
DTT_LEVEL=5
DTT_MSGLEVEL=3
DTT_LEVEL=5
DTT_MSGLEVEL=3
DTT_LEVEL=5
DTT_MSGLEVEL=3
DTT_LEVEL=5
DTT_MSGLEVEL=3
DTT_LEVEL=5
DTT_MSGLEVEL=3
DTT_LEVEL=5
DTT_MSGLEVEL=3
DTT_LEVEL=5
DTT_MSGLEVEL=3
DTT_LEVEL=5
DTT_MSGLEVEL=3
DTT_LEVEL=5
DTT_MSGLEVEL=3
DTT_LEVEL=5
DTT_MSGLEVEL=3
DTT_LEVEL=5
DTT_MSGLEVEL=3
DTT_LEVEL=5
DTT_MSGLEVEL=3
DTT_LEVEL=5
DTT_MSGLEVEL=3
DTT_LEVEL=5
DTT_MSGLEVEL=3
DTT_LEVEL=5
DTT_MSGLEVEL=3
DTT_LEVEL=5
DTT_LEVEL=5
DTT_MSGLEVEL=3
DTT_MSGLEVEL=3
DTT_LEVEL=5
DTT_MSGLEVEL=3
DTT_LEVEL=5
DTT_MSGLEVEL=3
DTT_LEVEL=5
DTT_MSGLEVEL=3
DTT_LEVEL=5
DTT_MSGLEVEL=3
DTT_LEVEL=5
DTT_MSGLEVEL=3
DTT_LEVEL=5
DTT_MSGLEVEL=3
DTT_LEVEL=5
DTT_MSGLEVEL=3
DTT_LEVEL=5
DTT_MSGLEVEL=3
DTT_LEVEL=5
DTT_MSGLEVEL=3
DTT_LEVEL=5
DTT_MSGLEVEL=3
DTT_LEVEL=5
DTT_MSGLEVEL=3
DTT_LEVEL=5
DTT_MSGLEVEL=3
DTT_LEVEL=5
DTT_MSGLEVEL=3
DTT_LEVEL=5
DTT_MSGLEVEL=3
DTT_LEVEL=5
DTT_MSGLEVEL=3
DTT_LEVEL=5
DTT_MSGLEVEL=3
DTT_LEVEL=5
DTT_MSGLEVEL=3
DTT_LEVEL=5
DTT_MSGLEVEL=3
DTT_LEVEL=5
DTT_MSGLEVEL=3
DTT_LEVEL=5
DTT_MSGLEVEL=3
DTT_LEVEL=5
DTT_MSGLEVEL=3
DTT_LEVEL=5
DTT_MSGLEVEL=3
DTT_LEVEL=5
DTT_MSGLEVEL=3
DTT_LEVEL=5
DTT_MSGLEVEL=3
DTT_LEVEL=5
DTT_MSGLEVEL=3
DTT_LEVEL=5
DTT_MSGLEVEL=3
DTT_LEVEL=5
DTT_MSGLEVEL=3
DTT_LEVEL=5
DTT_MSGLEVEL=3
DTT_LEVEL=5
DTT_MSGLEVEL=3
DTT_LEVEL=5
DTT_MSGLEVEL=3
DTT_LEVEL=5
DTT_MSGLEVEL=3
DTT_LEVEL=5
DTT_MSGLEVEL=3
DTT_LEVEL=5
DTT_MSGLEVEL=3
DTT_LEVEL=5
DTT_MSGLEVEL=3
DTT_LEVEL=5
DTT_MSGLEVEL=3
DTT_LEVEL=5
DTT_MSGLEVEL=3
DTT_LEVEL=5
DTT_MSGLEVEL=3
DTT_LEVEL=5
DTT_MSGLEVEL=3
DTT_LEVEL=5
DTT_MSGLEVEL=3
DTT_LEVEL=5
DTT_MSGLEVEL=3
DTT_LEVEL=5
DTT_MSGLEVEL=3
DTT_LEVEL=5
DTT_MSGLEVEL=3
DTT_LEVEL=5
DTT_MSGLEVEL=3
DTT_LEVEL=5
DTT_MSGLEVEL=3
DTT_LEVEL=5
DTT_MSGLEVEL=3
DTT_LEVEL=5
DTT_MSGLEVEL=3
DTT_LEVEL=5
DTT_MSGLEVEL=3
DTT_LEVEL=5
DTT_MSGLEVEL=3
DTT_LEVEL=5
DTT_MSGLEVEL=3
DTT_LEVEL=5
DTT_MSGLEVEL=3
DTT_LEVEL=5
DTT_MSGLEVEL=3
DTT_LEVEL=5
DTT_MSGLEVEL=3
DTT_LEVEL=5
DTT_MSGLEVEL=3
DTT_LEVEL=5
DTT_MSGLEVEL=3
DTT_LEVEL=5
DTT_MSGLEVEL=3
DTT_LEVEL=5
DTT_MSGLEVEL=3
DTT_LEVEL=5
DTT_MSGLEVEL=3
DTT_LEVEL=5
DTT_MSGLEVEL=3
DTT_LEVEL=5
DTT_MSGLEVEL=3
DTT_LEVEL=5
DTT_MSGLEVEL=3
DTT_LEVEL=5
DTT_MSGLEVEL=3
DTT_LEVEL=5
DTT_MSGLEVEL=3
DTT_LEVEL=5
DTT_MSGLEVEL=3
DTT_LEVEL=5
DTT_MSGLEVEL=3
DTT_LEVEL=5
DTT_MSGLEVEL=3
DTT_LEVEL=5
DTT_MSGLEVEL=3
DTT_LEVEL=5
DTT_MSGLEVEL=3
DTT_LEVEL=5
DTT_MSGLEVEL=3
DTT_LEVEL=5
DTT_MSGLEVEL=3
DTT_LEVEL=5
DTT_MSGLEVEL=3
DTT_LEVEL=5
DTT_MSGLEVEL=3
DTT_LEVEL=5
DTT_MSGLEVEL=3
DTT_LEVEL=5
DTT_MSGLEVEL=3
DTT_LEVEL=5
DTT_MSGLEVEL=3
DTT_LEVEL=5
DTT_MSGLEVEL=3
DTT_LEVEL=5
DTT_MSGLEVEL=3
DTT_LEVEL=5
DTT_MSGLEVEL=3
DTT_LEVEL=5
DTT_MSGLEVEL=3
DTT_LEVEL=5
DTT_MSGLEVEL=3
DTT_LEVEL=5
DTT_MSGLEVEL=3
DTT_LEVEL=5
DTT_MSGLEVEL=3
DTT_LEVEL=5
DTT_MSGLEVEL=3
DTT_LEVEL=5
DTT_MSGLEVEL=3
DTT_LEVEL=5
DTT_MSGLEVEL=3
DTT_LEVEL=5
DTT_MSGLEVEL=3
DTT_LEVEL=5
DTT_MSGLEVEL=3
DTT_LEVEL=5
DTT_MSGLEVEL=3
DTT_LEVEL=5
DTT_MSGLEVEL=3
DTT_LEVEL=5
DTT_MSGLEVEL=3
DTT_LEVEL=5
DTT_MSGLEVEL=3
DTT_LEVEL=5
DTT_MSGLEVEL=3
DTT_LEVEL=5
DTT_MSGLEVEL=3
DTT_LEVEL=5
DTT_MSGLEVEL=3
DTT_LEVEL=5
DTT_MSGLEVEL=3
DTT_LEVEL=5
DTT_MSGLEVEL=3
DTT_LEVEL=5
DTT_MSGLEVEL=3
DTT_LEVEL=5
DTT_MSGLEVEL=3
DTT_LEVEL=5
DTT_MSGLEVEL=3
DTT_LEVEL=5
DTT_MSGLEVEL=3
DTT_LEVEL=5
DTT_MSGLEVEL=3
DTT_LEVEL=5
DTT_MSGLEVEL=3
DTT_LEVEL=5
DTT_MSGLEVEL=3
DTT_LEVEL=5
DTT_MSGLEVEL=3
DTT_LEVEL=5
DTT_MSGLEVEL=3
DTT_LEVEL=5
DTT_MSGLEVEL=3
DTT_LEVEL=5
DTT_MSGLEVEL=3
DTT_LEVEL=5
DTT_MSGLEVEL=3
DTT_LEVEL=5
DTT_MSGLEVEL=3
DTT_LEVEL=5
DTT_MSGLEVEL=3
DTT_LEVEL=5
DTT_MSGLEVEL=3
DTT_LEVEL=5
DTT_MSGLEVEL=3
DTT_LEVEL=5
DTT_MSGLEVEL=3
DTT_LEVEL=5
DTT_MSGLEVEL=3
DTT_LEVEL=5
DTT_MSGLEVEL=3
DTT_LEVEL=5
DTT_MSGLEVEL=3
DTT_LEVEL=5
DTT_MSGLEVEL=3
DTT_LEVEL=5
DTT_MSGLEVEL=3
DTT_LEVEL=5
DTT_MSGLEVEL=3
DTT_LEVEL=5
DTT_MSGLEVEL=3
DTT_LEVEL=5
DTT_MSGLEVEL=3
DTT_LEVEL=5
DTT_MSGLEVEL=3
DTT_LEVEL=5
DTT_MSGLEVEL=3
DTT_LEVEL=5
DTT_MSGLEVEL=3
DTT_LEVEL=5
DTT_MSGLEVEL=3
DTT_LEVEL=5
DTT_MSGLEVEL=3
DTT_LEVEL=5
DTT_MSGLEVEL=3
DTT_LEVEL=5
DTT_MSGLEVEL=3
DTT_LEVEL=5
DTT_MSGLEVEL=3
DTT_LEVEL=5
DTT_MSGLEVEL=3
DTT_LEVEL=5
DTT_MSGLEVEL=3
DTT_LEVEL=5
DTT_MSGLEVEL=3
DTT_LEVEL=5
DTT_MSGLEVEL=3
DTT_LEVEL=5
DTT_MSGLEVEL=3
DTT_LEVEL=5
DTT_MSGLEVEL=3
DTT_LEVEL=5
DTT_MSGLEVEL=3
DTT_LEVEL=5
DTT_MSGLEVEL=3
DTT_LEVEL=5
DTT_MSGLEVEL=3
DTT_LEVEL=5
DTT_MSGLEVEL=3
DTT_LEVEL=5
DTT_MSGLEVEL=3
DTT_LEVEL=5
DTT_MSGLEVEL=3
DTT_LEVEL=5
DTT_MSGLEVEL=3
DTT_LEVEL=5
DTT_LEVEL=5
DTT_LEVEL=5
DTT_MSGLEVEL=3
DTT_MSGLEVEL=3
DTT_MSGLEVEL=3
DTT_LEVEL=5
DTT_MSGLEVEL=3
DTT_LEVEL=5
DTT_MSGLEVEL=3
DTT_LEVEL=5
DTT_MSGLEVEL=3
DTT_LEVEL=5
DTT_MSGLEVEL=3
DTT_LEVEL=5
DTT_MSGLEVEL=3
DTT_LEVEL=5
DTT_MSGLEVEL=3
DTT_LEVEL=5
DTT_MSGLEVEL=3
DTT_LEVEL=5
DTT_MSGLEVEL=3
DTT_LEVEL=5
DTT_MSGLEVEL=3
DTT_LEVEL=5
DTT_MSGLEVEL=3
DTT_LEVEL=5
DTT_MSGLEVEL=3
DTT_LEVEL=5
DTT_MSGLEVEL=3
DTT_LEVEL=5
DTT_MSGLEVEL=3
DTT_LEVEL=5
DTT_MSGLEVEL=3
DTT_LEVEL=5
DTT_MSGLEVEL=3
DTT_LEVEL=5
DTT_MSGLEVEL=3
DTT_LEVEL=5
DTT_MSGLEVEL=3
DTT_LEVEL=5
DTT_MSGLEVEL=3
DTT_LEVEL=5
DTT_MSGLEVEL=3
DTT_LEVEL=5
DTT_MSGLEVEL=3
DTT_LEVEL=5
DTT_MSGLEVEL=3
DTT_LEVEL=5
DTT_MSGLEVEL=3
DTT_LEVEL=5
DTT_MSGLEVEL=3
DTT_LEVEL=5
DTT_MSGLEVEL=3
DTT_LEVEL=5
DTT_MSGLEVEL=3
DTT_LEVEL=5
DTT_MSGLEVEL=3
DTT_LEVEL=5
DTT_MSGLEVEL=3
------------------------------------------------------------------------
giovedì 20 aprile 2017 - 12.36.57
------------------------------------------------------------------------
giovedì 20 aprile 2017 - 12.36.57
------------------------------------------------------------------------
giovedì 20 aprile 2017 - 12.36.57
------------------------------------------------------------------------
giovedì 20 aprile 2017 - 12.37.03
------------------------------------------------------------------------
giovedì 20 aprile 2017 - 12.37.03
------------------------------------------------------------------------
giovedì 20 aprile 2017 - 12.37.04
------------------------------------------------------------------------
giovedì 20 aprile 2017 - 12.37.08
------------------------------------------------------------------------
giovedì 20 aprile 2017 - 12.38.00
------------------------------------------------------------------------
giovedì 20 aprile 2017 - 12.38.01
------------------------------------------------------------------------
giovedì 20 aprile 2017 - 12.38.02
------------------------------------------------------------------------
giovedì 20 aprile 2017 - 12.38.06
Request number 59is arrived after request number 61 : Skipping request
------------------------------------------------------------------------
giovedì 20 aprile 2017 - 12.38.07
------------------------------------------------------------------------
giovedì 20 aprile 2017 - 12.38.08
------------------------------------------------------------------------
giovedì 20 aprile 2017 - 12.38.09
Request number 63is arrived after request number 64 : Skipping request
------------------------------------------------------------------------
giovedì 20 aprile 2017 - 12.38.11
------------------------------------------------------------------------
giovedì 20 aprile 2017 - 12.38.12
------------------------------------------------------------------------
giovedì 20 aprile 2017 - 12.38.13
------------------------------------------------------------------------
giovedì 20 aprile 2017 - 12.38.13
------------------------------------------------------------------------
giovedì 20 aprile 2017 - 12.38.13
------------------------------------------------------------------------
giovedì 20 aprile 2017 - 12.38.14
------------------------------------------------------------------------
giovedì 20 aprile 2017 - 12.38.14
------------------------------------------------------------------------
giovedì 20 aprile 2017 - 12.38.14
------------------------------------------------------------------------
giovedì 20 aprile 2017 - 12.38.14
------------------------------------------------------------------------
giovedì 20 aprile 2017 - 12.38.15
------------------------------------------------------------------------
giovedì 20 aprile 2017 - 12.38.15
------------------------------------------------------------------------
giovedì 20 aprile 2017 - 12.38.15
------------------------------------------------------------------------
giovedì 20 aprile 2017 - 12.38.15
------------------------------------------------------------------------
giovedì 20 aprile 2017 - 12.38.15
------------------------------------------------------------------------
giovedì 20 aprile 2017 - 12.38.15
------------------------------------------------------------------------
giovedì 20 aprile 2017 - 12.38.15
------------------------------------------------------------------------
giovedì 20 aprile 2017 - 12.38.15
------------------------------------------------------------------------
giovedì 20 aprile 2017 - 12.38.15
------------------------------------------------------------------------
giovedì 20 aprile 2017 - 12.38.15
------------------------------------------------------------------------
giovedì 20 aprile 2017 - 12.38.16
------------------------------------------------------------------------
giovedì 20 aprile 2017 - 12.38.16
------------------------------------------------------------------------
giovedì 20 aprile 2017 - 12.38.16
------------------------------------------------------------------------
giovedì 20 aprile 2017 - 12.38.16
------------------------------------------------------------------------
giovedì 20 aprile 2017 - 12.38.16
------------------------------------------------------------------------
giovedì 20 aprile 2017 - 12.38.16
------------------------------------------------------------------------
giovedì 20 aprile 2017 - 12.38.17
Request number 88is arrived after request number 90 : Skipping request
------------------------------------------------------------------------
giovedì 20 aprile 2017 - 12.38.17
------------------------------------------------------------------------
giovedì 20 aprile 2017 - 12.38.17
------------------------------------------------------------------------
giovedì 20 aprile 2017 - 12.38.17
------------------------------------------------------------------------
giovedì 20 aprile 2017 - 12.38.17
------------------------------------------------------------------------
giovedì 20 aprile 2017 - 12.38.17
------------------------------------------------------------------------
giovedì 20 aprile 2017 - 12.38.17
------------------------------------------------------------------------
giovedì 20 aprile 2017 - 12.38.17
------------------------------------------------------------------------
giovedì 20 aprile 2017 - 12.38.17
------------------------------------------------------------------------
giovedì 20 aprile 2017 - 12.38.18
------------------------------------------------------------------------
giovedì 20 aprile 2017 - 12.38.18
------------------------------------------------------------------------
giovedì 20 aprile 2017 - 12.38.18
Request number 98is arrived after request number 101 : Skipping request
------------------------------------------------------------------------
giovedì 20 aprile 2017 - 12.38.18
------------------------------------------------------------------------
giovedì 20 aprile 2017 - 12.38.18
------------------------------------------------------------------------
giovedì 20 aprile 2017 - 12.38.19
------------------------------------------------------------------------
giovedì 20 aprile 2017 - 12.38.19
------------------------------------------------------------------------
giovedì 20 aprile 2017 - 12.38.20
Request number 103is arrived after request number 106 : Skipping request
------------------------------------------------------------------------
giovedì 20 aprile 2017 - 12.38.20
------------------------------------------------------------------------
giovedì 20 aprile 2017 - 12.38.21
------------------------------------------------------------------------
giovedì 20 aprile 2017 - 12.38.21
------------------------------------------------------------------------
giovedì 20 aprile 2017 - 12.38.22
------------------------------------------------------------------------
giovedì 20 aprile 2017 - 12.38.22
------------------------------------------------------------------------
giovedì 20 aprile 2017 - 12.38.23
------------------------------------------------------------------------
giovedì 20 aprile 2017 - 12.38.23
------------------------------------------------------------------------
giovedì 20 aprile 2017 - 12.38.23
------------------------------------------------------------------------
giovedì 20 aprile 2017 - 12.38.23
Request number 109is arrived after request number 115 : Skipping request
------------------------------------------------------------------------
giovedì 20 aprile 2017 - 12.38.23
------------------------------------------------------------------------
giovedì 20 aprile 2017 - 12.38.23
------------------------------------------------------------------------
giovedì 20 aprile 2017 - 12.38.23
------------------------------------------------------------------------
giovedì 20 aprile 2017 - 12.38.24
------------------------------------------------------------------------
giovedì 20 aprile 2017 - 12.38.24
------------------------------------------------------------------------
giovedì 20 aprile 2017 - 12.38.24
Request number 119is arrived after request number 121 : Skipping request
