------------------------------------------------------------------------
giovedì 20 aprile 2017 - 12.24.09
OK - ID Version: 16.0.6700, IJLIB Version: 16.0.6700
OK - ID Version: 16.0.6700, IJLIB Version: 16.0.6700
------------------------------------------------------------------------
giovedì 20 aprile 2017 - 12.24.13
------------------------------------------------------------------------
giovedì 20 aprile 2017 - 12.24.14
------------------------------------------------------------------------
giovedì 20 aprile 2017 - 12.24.17
------------------------------------------------------------------------
giovedì 20 aprile 2017 - 12.24.23
------------------------------------------------------------------------
giovedì 20 aprile 2017 - 12.24.24
------------------------------------------------------------------------
giovedì 20 aprile 2017 - 12.24.26
------------------------------------------------------------------------
giovedì 20 aprile 2017 - 12.29.41
OK - ID Version: 16.0.6700, IJLIB Version: 16.0.6700
OK - ID Version: 16.0.6700, IJLIB Version: 16.0.6700
------------------------------------------------------------------------
giovedì 20 aprile 2017 - 12.30.04
------------------------------------------------------------------------
giovedì 20 aprile 2017 - 12.30.05
------------------------------------------------------------------------
giovedì 20 aprile 2017 - 12.30.07
------------------------------------------------------------------------
giovedì 20 aprile 2017 - 12.30.13
------------------------------------------------------------------------
giovedì 20 aprile 2017 - 12.30.14
------------------------------------------------------------------------
giovedì 20 aprile 2017 - 12.30.15
------------------------------------------------------------------------
giovedì 20 aprile 2017 - 12.30.24
------------------------------------------------------------------------
giovedì 20 aprile 2017 - 12.30.24
------------------------------------------------------------------------
giovedì 20 aprile 2017 - 12.30.25
------------------------------------------------------------------------
giovedì 20 aprile 2017 - 12.30.29
------------------------------------------------------------------------
giovedì 20 aprile 2017 - 12.30.29
------------------------------------------------------------------------
giovedì 20 aprile 2017 - 12.30.30
------------------------------------------------------------------------
giovedì 20 aprile 2017 - 12.30.34
------------------------------------------------------------------------
giovedì 20 aprile 2017 - 12.30.36
------------------------------------------------------------------------
giovedì 20 aprile 2017 - 12.30.40
------------------------------------------------------------------------
giovedì 20 aprile 2017 - 12.30.40
------------------------------------------------------------------------
giovedì 20 aprile 2017 - 12.30.41
------------------------------------------------------------------------
giovedì 20 aprile 2017 - 12.30.41
------------------------------------------------------------------------
giovedì 20 aprile 2017 - 12.30.41
------------------------------------------------------------------------
giovedì 20 aprile 2017 - 12.30.42
------------------------------------------------------------------------
giovedì 20 aprile 2017 - 12.30.42
------------------------------------------------------------------------
giovedì 20 aprile 2017 - 12.32.55
2017-04-20 12.32.55. [DEBUG] Scaled Changed to: 1
2017-04-20 12.32.57. [INFO] Waiting on all tasks 11
2017-04-20 12.32.57. [INFO] Stopping: Waiting on Tasks
2017-04-20 12.32.57. [INFO] APNS-Client[1]: Sending Batch ID=1, Count=11
2017-04-20 12.32.57. [INFO] APNS-Client[1]: Connecting (Batch ID=1)
2017-04-20 12.32.58. [INFO] APNS-Client[1]: Connected (Batch ID=1)
2017-04-20 12.32.58. [INFO] APNS-Client[1]: Sent Batch, waiting for possible response...
2017-04-20 12.32.59. [INFO] APNS-Client[1]: Received -1 bytes response...
2017-04-20 12.32.59. [INFO] APNS-Client[1]: Batch (ID=1) completed with no error response...
2017-04-20 12.32.59. [INFO] APNS-Client[1]: Done Reading for Batch ID=1, reseting batch timer...
2017-04-20 12.33.01. [INFO] All Tasks Finished
2017-04-20 12.33.01. [INFO] Passed WhenAll
2017-04-20 12.33.01. [INFO] Broker IsCompleted
2017-04-20 12.33.01. [DEBUG] Broker Task Ended
2017-04-20 12.33.01. [INFO] Stopping: Done Waiting on Tasks
------------------------------------------------------------------------
giovedì 20 aprile 2017 - 12.33.05
------------------------------------------------------------------------
giovedì 20 aprile 2017 - 12.33.05
------------------------------------------------------------------------
giovedì 20 aprile 2017 - 12.33.06
------------------------------------------------------------------------
giovedì 20 aprile 2017 - 12.33.06
------------------------------------------------------------------------
giovedì 20 aprile 2017 - 12.33.06
------------------------------------------------------------------------
giovedì 20 aprile 2017 - 12.33.07
------------------------------------------------------------------------
giovedì 20 aprile 2017 - 12.33.07
------------------------------------------------------------------------
giovedì 20 aprile 2017 - 12.33.28
------------------------------------------------------------------------
giovedì 20 aprile 2017 - 12.33.30
------------------------------------------------------------------------
giovedì 20 aprile 2017 - 12.33.34
------------------------------------------------------------------------
giovedì 20 aprile 2017 - 12.33.39
------------------------------------------------------------------------
giovedì 20 aprile 2017 - 12.33.41
------------------------------------------------------------------------
giovedì 20 aprile 2017 - 12.33.45
------------------------------------------------------------------------
giovedì 20 aprile 2017 - 12.33.49
------------------------------------------------------------------------
giovedì 20 aprile 2017 - 12.33.54
------------------------------------------------------------------------
giovedì 20 aprile 2017 - 12.33.57
------------------------------------------------------------------------
giovedì 20 aprile 2017 - 12.34.00
------------------------------------------------------------------------
giovedì 20 aprile 2017 - 12.34.03
------------------------------------------------------------------------
giovedì 20 aprile 2017 - 12.34.04
------------------------------------------------------------------------
giovedì 20 aprile 2017 - 12.34.07
------------------------------------------------------------------------
giovedì 20 aprile 2017 - 12.34.11
------------------------------------------------------------------------
giovedì 20 aprile 2017 - 12.34.11
------------------------------------------------------------------------
giovedì 20 aprile 2017 - 12.34.13
------------------------------------------------------------------------
giovedì 20 aprile 2017 - 12.34.17
------------------------------------------------------------------------
giovedì 20 aprile 2017 - 12.34.17
------------------------------------------------------------------------
giovedì 20 aprile 2017 - 12.34.17
------------------------------------------------------------------------
giovedì 20 aprile 2017 - 12.34.18
------------------------------------------------------------------------
giovedì 20 aprile 2017 - 12.34.18
------------------------------------------------------------------------
giovedì 20 aprile 2017 - 12.34.19
------------------------------------------------------------------------
giovedì 20 aprile 2017 - 12.34.19
------------------------------------------------------------------------
giovedì 20 aprile 2017 - 12.34.54
------------------------------------------------------------------------
giovedì 20 aprile 2017 - 12.34.55
------------------------------------------------------------------------
giovedì 20 aprile 2017 - 12.35.00
------------------------------------------------------------------------
giovedì 20 aprile 2017 - 12.35.04
------------------------------------------------------------------------
giovedì 20 aprile 2017 - 12.35.05
------------------------------------------------------------------------
giovedì 20 aprile 2017 - 12.35.07
------------------------------------------------------------------------
giovedì 20 aprile 2017 - 12.35.07
------------------------------------------------------------------------
giovedì 20 aprile 2017 - 12.35.07
------------------------------------------------------------------------
giovedì 20 aprile 2017 - 12.35.08
------------------------------------------------------------------------
giovedì 20 aprile 2017 - 12.35.08
------------------------------------------------------------------------
giovedì 20 aprile 2017 - 12.35.08
------------------------------------------------------------------------
giovedì 20 aprile 2017 - 12.35.08
------------------------------------------------------------------------
giovedì 20 aprile 2017 - 12.35.08
------------------------------------------------------------------------
giovedì 20 aprile 2017 - 12.35.09
------------------------------------------------------------------------
giovedì 20 aprile 2017 - 12.35.09
------------------------------------------------------------------------
giovedì 20 aprile 2017 - 12.35.10
------------------------------------------------------------------------
giovedì 20 aprile 2017 - 12.35.10
------------------------------------------------------------------------
giovedì 20 aprile 2017 - 12.35.10
------------------------------------------------------------------------
giovedì 20 aprile 2017 - 12.35.11
------------------------------------------------------------------------
giovedì 20 aprile 2017 - 12.35.17
------------------------------------------------------------------------
giovedì 20 aprile 2017 - 12.35.44
------------------------------------------------------------------------
giovedì 20 aprile 2017 - 12.35.47
------------------------------------------------------------------------
giovedì 20 aprile 2017 - 12.35.48
------------------------------------------------------------------------
giovedì 20 aprile 2017 - 12.35.50
------------------------------------------------------------------------
giovedì 20 aprile 2017 - 12.35.53
------------------------------------------------------------------------
giovedì 20 aprile 2017 - 12.36.00
------------------------------------------------------------------------
giovedì 20 aprile 2017 - 12.36.02
2017-04-20 12.36.02. [DEBUG] Scaled Changed to: 1
2017-04-20 12.36.03. [INFO] APNS-Client[2]: Sending Batch ID=1, Count=1
2017-04-20 12.36.03. [INFO] APNS-Client[2]: Connecting (Batch ID=1)
2017-04-20 12.36.07. [INFO] APNS-Client[2]: Connected (Batch ID=1)
2017-04-20 12.36.07. [INFO] APNS-Client[2]: Sent Batch, waiting for possible response...
2017-04-20 12.36.08. [INFO] APNS-Client[2]: Received -1 bytes response...
2017-04-20 12.36.08. [INFO] APNS-Client[2]: Batch (ID=1) completed with no error response...
2017-04-20 12.36.08. [INFO] APNS-Client[2]: Done Reading for Batch ID=1, reseting batch timer...
2017-04-20 12.36.08. [INFO] APNS-Client[2]: Sending Batch ID=2, Count=4
2017-04-20 12.36.08. [INFO] APNS-Client[2]: Can Write? True
2017-04-20 12.36.08. [INFO] APNS-Client[2]: Sent Batch, waiting for possible response...
2017-04-20 12.36.09. [INFO] APNS-Client[2]: Received -1 bytes response...
2017-04-20 12.36.09. [INFO] APNS-Client[2]: Batch (ID=2) completed with no error response...
2017-04-20 12.36.09. [INFO] APNS-Client[2]: Done Reading for Batch ID=2, reseting batch timer...
2017-04-20 12.36.50. [INFO] Stopping: Waiting on Tasks
2017-04-20 12.36.50. [INFO] Waiting on all tasks 356
2017-04-20 12.36.50. [INFO] APNS-Client[2]: Sending Batch ID=4, Count=351
2017-04-20 12.36.50. [INFO] APNS-Client[2]: Can Write? True
2017-04-20 12.36.50. [INFO] APNS-Client[2]: Sent Batch, waiting for possible response...
2017-04-20 12.36.51. [INFO] APNS-Client[2]: Received -1 bytes response...
2017-04-20 12.36.51. [INFO] APNS-Client[2]: Batch (ID=4) completed with no error response...
2017-04-20 12.36.51. [INFO] APNS-Client[2]: Done Reading for Batch ID=4, reseting batch timer...
2017-04-20 12.36.53. [INFO] All Tasks Finished
2017-04-20 12.36.53. [INFO] Passed WhenAll
2017-04-20 12.36.53. [INFO] Broker IsCompleted
2017-04-20 12.36.53. [DEBUG] Broker Task Ended
2017-04-20 12.36.53. [INFO] Stopping: Done Waiting on Tasks
------------------------------------------------------------------------
giovedì 20 aprile 2017 - 12.36.57
------------------------------------------------------------------------
giovedì 20 aprile 2017 - 12.36.57
------------------------------------------------------------------------
giovedì 20 aprile 2017 - 12.36.57
------------------------------------------------------------------------
giovedì 20 aprile 2017 - 12.37.03
------------------------------------------------------------------------
giovedì 20 aprile 2017 - 12.37.03
------------------------------------------------------------------------
giovedì 20 aprile 2017 - 12.37.04
------------------------------------------------------------------------
giovedì 20 aprile 2017 - 12.37.08
------------------------------------------------------------------------
giovedì 20 aprile 2017 - 12.38.00
------------------------------------------------------------------------
giovedì 20 aprile 2017 - 12.38.01
------------------------------------------------------------------------
giovedì 20 aprile 2017 - 12.38.02
------------------------------------------------------------------------
giovedì 20 aprile 2017 - 12.38.06
------------------------------------------------------------------------
giovedì 20 aprile 2017 - 12.38.07
------------------------------------------------------------------------
giovedì 20 aprile 2017 - 12.38.08
------------------------------------------------------------------------
giovedì 20 aprile 2017 - 12.38.09
------------------------------------------------------------------------
giovedì 20 aprile 2017 - 12.38.11
------------------------------------------------------------------------
giovedì 20 aprile 2017 - 12.38.12
------------------------------------------------------------------------
giovedì 20 aprile 2017 - 12.38.13
------------------------------------------------------------------------
giovedì 20 aprile 2017 - 12.38.13
------------------------------------------------------------------------
giovedì 20 aprile 2017 - 12.38.13
------------------------------------------------------------------------
giovedì 20 aprile 2017 - 12.38.14
------------------------------------------------------------------------
giovedì 20 aprile 2017 - 12.38.14
------------------------------------------------------------------------
giovedì 20 aprile 2017 - 12.38.14
------------------------------------------------------------------------
giovedì 20 aprile 2017 - 12.38.14
------------------------------------------------------------------------
giovedì 20 aprile 2017 - 12.38.15
------------------------------------------------------------------------
giovedì 20 aprile 2017 - 12.38.15
------------------------------------------------------------------------
giovedì 20 aprile 2017 - 12.38.15
------------------------------------------------------------------------
giovedì 20 aprile 2017 - 12.38.15
------------------------------------------------------------------------
giovedì 20 aprile 2017 - 12.38.15
------------------------------------------------------------------------
giovedì 20 aprile 2017 - 12.38.15
------------------------------------------------------------------------
giovedì 20 aprile 2017 - 12.38.15
------------------------------------------------------------------------
giovedì 20 aprile 2017 - 12.38.15
------------------------------------------------------------------------
giovedì 20 aprile 2017 - 12.38.15
------------------------------------------------------------------------
giovedì 20 aprile 2017 - 12.38.15
------------------------------------------------------------------------
giovedì 20 aprile 2017 - 12.38.16
------------------------------------------------------------------------
giovedì 20 aprile 2017 - 12.38.16
------------------------------------------------------------------------
giovedì 20 aprile 2017 - 12.38.16
------------------------------------------------------------------------
giovedì 20 aprile 2017 - 12.38.16
------------------------------------------------------------------------
giovedì 20 aprile 2017 - 12.38.16
------------------------------------------------------------------------
giovedì 20 aprile 2017 - 12.38.16
------------------------------------------------------------------------
giovedì 20 aprile 2017 - 12.38.17
------------------------------------------------------------------------
giovedì 20 aprile 2017 - 12.38.17
------------------------------------------------------------------------
giovedì 20 aprile 2017 - 12.38.17
------------------------------------------------------------------------
giovedì 20 aprile 2017 - 12.38.17
------------------------------------------------------------------------
giovedì 20 aprile 2017 - 12.38.17
------------------------------------------------------------------------
giovedì 20 aprile 2017 - 12.38.17
------------------------------------------------------------------------
giovedì 20 aprile 2017 - 12.38.17
------------------------------------------------------------------------
giovedì 20 aprile 2017 - 12.38.17
------------------------------------------------------------------------
giovedì 20 aprile 2017 - 12.38.17
------------------------------------------------------------------------
giovedì 20 aprile 2017 - 12.38.18
------------------------------------------------------------------------
giovedì 20 aprile 2017 - 12.38.18
------------------------------------------------------------------------
giovedì 20 aprile 2017 - 12.38.18
------------------------------------------------------------------------
giovedì 20 aprile 2017 - 12.38.18
------------------------------------------------------------------------
giovedì 20 aprile 2017 - 12.38.18
------------------------------------------------------------------------
giovedì 20 aprile 2017 - 12.38.19
------------------------------------------------------------------------
giovedì 20 aprile 2017 - 12.38.19
------------------------------------------------------------------------
giovedì 20 aprile 2017 - 12.38.20
------------------------------------------------------------------------
giovedì 20 aprile 2017 - 12.38.20
------------------------------------------------------------------------
giovedì 20 aprile 2017 - 12.38.21
------------------------------------------------------------------------
giovedì 20 aprile 2017 - 12.38.21
------------------------------------------------------------------------
giovedì 20 aprile 2017 - 12.38.22
------------------------------------------------------------------------
giovedì 20 aprile 2017 - 12.38.22
------------------------------------------------------------------------
giovedì 20 aprile 2017 - 12.38.23
------------------------------------------------------------------------
giovedì 20 aprile 2017 - 12.38.23
------------------------------------------------------------------------
giovedì 20 aprile 2017 - 12.38.23
------------------------------------------------------------------------
giovedì 20 aprile 2017 - 12.38.23
------------------------------------------------------------------------
giovedì 20 aprile 2017 - 12.38.23
------------------------------------------------------------------------
giovedì 20 aprile 2017 - 12.38.23
------------------------------------------------------------------------
giovedì 20 aprile 2017 - 12.38.23
------------------------------------------------------------------------
giovedì 20 aprile 2017 - 12.38.24
------------------------------------------------------------------------
giovedì 20 aprile 2017 - 12.38.24
------------------------------------------------------------------------
giovedì 20 aprile 2017 - 12.38.24
